<?xml version="1.0" encoding="UTF-8"?>
<testsuite name="com.lelloman.androidoscopy.okhttp.AndroidoscopyInterceptorTest" tests="10" skipped="0" failures="0" errors="0" timestamp="2025-12-06T15:14:07.711Z" hostname="lelloman-5950" time="0.179">
  <properties/>
  <testcase name="getStats returns correct statistics" classname="com.lelloman.androidoscopy.okhttp.AndroidoscopyInterceptorTest" time="0.154"/>
  <testcase name="HttpRequestInfo toMap contains all fields" classname="com.lelloman.androidoscopy.okhttp.AndroidoscopyInterceptorTest" time="0.002"/>
  <testcase name="intercept captures response headers" classname="com.lelloman.androidoscopy.okhttp.AndroidoscopyInterceptorTest" time="0.002"/>
  <testcase name="dataProvider returns correct data structure" classname="com.lelloman.androidoscopy.okhttp.AndroidoscopyInterceptorTest" time="0.003"/>
  <testcase name="intercept captures error response" classname="com.lelloman.androidoscopy.okhttp.AndroidoscopyInterceptorTest" time="0.001"/>
  <testcase name="intercept captures successful request" classname="com.lelloman.androidoscopy.okhttp.AndroidoscopyInterceptorTest" time="0.002"/>
  <testcase name="intercept captures request headers" classname="com.lelloman.androidoscopy.okhttp.AndroidoscopyInterceptorTest" time="0.001"/>
  <testcase name="shared instance works correctly" classname="com.lelloman.androidoscopy.okhttp.AndroidoscopyInterceptorTest" time="0.0"/>
  <testcase name="history respects maxHistory limit" classname="com.lelloman.androidoscopy.okhttp.AndroidoscopyInterceptorTest" time="0.008"/>
  <testcase name="clear removes all requests" classname="com.lelloman.androidoscopy.okhttp.AndroidoscopyInterceptorTest" time="0.002"/>
  <system-out><![CDATA[]]></system-out>
  <system-err><![CDATA[]]></system-err>
</testsuite>
